nohup: ignoring input
env: load .env
env: export EXPO_PUBLIC_FIREBASE_API_KEY EXPO_PUBLIC_FIREBASE_AUTH_DOMAIN EXPO_PUBLIC_FIREBASE_PROJECT_ID EXPO_PUBLIC_FIREBASE_STORAGE_BUCKET EXPO_PUBLIC_FIREBASE_MESSAGING_SENDER_ID EXPO_PUBLIC_FIREBASE_APP_ID EXPO_PUBLIC_FIREBASE_MEASUREMENT_ID EXPO_PUBLIC_FIREBASE_WEB_CLIENT_ID
Starting project at /workspaces/Core
Starting Metro Bundler
The following packages should be updated for best compatibility with the installed expo version:
  expo-device@8.0.7 - expected version: ~8.0.8
  expo-router@6.0.6 - expected version: ~6.0.7
Your project may not work correctly until you install the expected versions of the packages.
Waiting on http://localhost:8082
Logs for your project will appear below.
Web ./index.ts ░░░░░░░░░░░░░░░░  0.0% (0/1)
Web ./index.ts ▓▓▓▓▓▓▓▓▓▓░░░░░░ 66.9% (173/332)
Web ./index.ts ▓▓▓▓▓▓▓▓▓▓░░░░░░ 66.9% (543/751)
Web ./index.ts ▓▓▓▓▓▓▓▓▓▓░░░░░░ 66.9% ( 787/2582)
Web ./index.ts ▓▓▓▓▓▓▓▓▓▓▓░░░░░ 71.7% (2188/2584)
Web ./index.ts ▓▓▓▓▓▓▓▓▓▓▓▓▓▓░░ 93.4% (2775/2872)
Web Bundled 19318ms index.ts (3092 modules)
Web Bundled 81ms index.ts (1 module)
 LOG  [web] Logs will appear in the browser console
/workspaces/Core/node_modules/expo/node_modules/@expo/cli/build/src/utils/errors.js:130
    throw error;
    ^

Error: ENOENT: no such file or directory, watch '/workspaces/Core/node_modules/.react-native-screens-uNmBp28x/common/cpp/react/renderer/components'
    at FSWatcher.<computed> (node:internal/fs/watchers:254:19)
    at Object.watch (node:fs:2549:36)
    at FallbackWatcher._watchdir (/workspaces/Core/node_modules/metro-file-map/src/watchers/FallbackWatcher.js:88:24)
    at /workspaces/Core/node_modules/metro-file-map/src/watchers/FallbackWatcher.js:185:22
    at Walker.<anonymous> (/workspaces/Core/node_modules/metro-file-map/src/watchers/FallbackWatcher.js:322:31)
    at Walker.emit (node:events:519:28)
    at /workspaces/Core/node_modules/walker/lib/walker.js:69:16
    at FSReqCallback.oncomplete (node:fs:187:23) {
  errno: -2,
  syscall: 'watch',
  code: 'ENOENT',
  path: '/workspaces/Core/node_modules/.react-native-screens-uNmBp28x/common/cpp/react/renderer/components',
  filename: '/workspaces/Core/node_modules/.react-native-screens-uNmBp28x/common/cpp/react/renderer/components'
}

Node.js v22.19.0
